<?xml version="1.0" encoding="UTF-8"?>
<!-- Generated by org.testng.reporters.JUnitXMLReporter -->
<testsuite hostname="WIN-AN7GGQLOUGK" name="test1" tests="2" failures="1" timestamp="15 Mar 2017 14:27:35 GMT" time="0.079" errors="0">
  <testcase name="add01" time="0.03" classname="com.reportngdemo.NewTest"/>
  <testcase name="add02" time="0.003" classname="com.reportngdemo.NewTest">
    <failure type="java.lang.AssertionError" message="expected [1] but found [2]">
      <![CDATA[java.lang.AssertionError: expected [1] but found [2]
	at com.reportngdemo.NewTest.add02(NewTest.java:16)
... Removed 30 stack frames]]>
    </failure>
  </testcase> <!-- add02 -->
</testsuite> <!-- test1 -->
